2025-03-13 05:54:11,981 - setup_test - INFO - Logging configured successfully with level DEBUG at ./logs/app.log
2025-03-13 05:54:11,981 - app - INFO - Application is Starting
2025-03-13 05:54:11,981 - app - INFO - Starting plugin loading process
2025-03-13 05:54:12,014 - app - INFO - Registered command: add
2025-03-13 05:54:12,015 - app - INFO - Registered command: divide
2025-03-13 05:54:20,567 - app - INFO - Registered command: history_clear
2025-03-13 05:54:20,568 - app - INFO - Registered command: history_load
2025-03-13 05:54:20,568 - app - INFO - Registered command: history_show
2025-03-13 05:54:20,569 - app - INFO - Registered command: last_operation
2025-03-13 05:54:20,569 - app - INFO - Registered command: multiply
2025-03-13 05:54:20,570 - app - INFO - Registered command: subtract
2025-03-13 05:54:20,570 - app - INFO - Application initialized
2025-03-13 05:54:20,570 - app - INFO - Starting REPL interface
2025-03-13 05:55:10,200 - app - DEBUG - User input: menu
2025-03-13 05:55:18,026 - app - DEBUG - User input: Menu
2025-03-13 05:56:04,432 - app - DEBUG - User input: menu
2025-03-13 05:56:31,257 - app - DEBUG - User input: add 6 5
2025-03-13 05:56:44,219 - app - DEBUG - User input: sub 7 9
2025-03-13 05:56:55,235 - app - DEBUG - User input: subtract 7 9
2025-03-13 05:58:40,135 - app - DEBUG - User input: multiply 6 7
2025-03-13 05:58:51,920 - app - DEBUG - User input: divide 56 7
2025-03-13 05:59:00,995 - app - DEBUG - User input: divide 48 8
2025-03-13 06:15:57,786 - app - DEBUG - User input: history_show
2025-03-13 06:15:57,793 - app.plugins.history_facade - DEBUG - Formatting calculation history
2025-03-13 06:28:18,595 - app - DEBUG - User input: history_save
2025-03-13 06:29:12,542 - app - DEBUG - User input: history_save
2025-03-13 06:29:38,182 - app - DEBUG - User input: history_load
2025-03-13 06:29:38,185 - app.plugins.history_facade - DEBUG - Using history directory: calculator_history
2025-03-13 06:29:38,191 - app.plugins.history_facade - INFO - Created history directory at /Users/bharathreddy/Mid_term/calculator_history
2025-03-13 06:29:38,193 - app.plugins.history_facade - DEBUG - Found 0 CSV files in history directory
2025-03-13 06:36:18,096 - app - DEBUG - User input: python main.py
2025-03-13 06:36:23,319 - app - DEBUG - User input: exit
2025-03-13 06:36:23,320 - app - INFO - Exit command received
2025-03-13 06:36:35,536 - setup_test - INFO - Logging configured successfully with level DEBUG at ./logs/app.log
2025-03-13 06:36:35,536 - app - INFO - Application is Starting
2025-03-13 06:36:35,536 - app - INFO - Starting plugin loading process
2025-03-13 06:36:35,547 - app - INFO - Registered command: add
2025-03-13 06:36:35,547 - app - INFO - Registered command: divide
2025-03-13 06:36:35,904 - app - INFO - Registered command: history_clear
2025-03-13 06:36:35,904 - app - INFO - Registered command: history_load
2025-03-13 06:36:35,905 - app - INFO - Registered command: history_save
2025-03-13 06:36:35,906 - app - INFO - Registered command: history_show
2025-03-13 06:36:35,906 - app - INFO - Registered command: last_operation
2025-03-13 06:36:35,906 - app - INFO - Registered command: multiply
2025-03-13 06:36:35,906 - app - INFO - Registered command: subtract
2025-03-13 06:36:35,906 - app - INFO - Application initialized
2025-03-13 06:36:35,906 - app - INFO - Starting REPL interface
2025-03-13 06:36:41,387 - app - DEBUG - User input: add 8 5
2025-03-13 06:36:48,255 - app - DEBUG - User input: subtract 9 6
2025-03-13 06:36:57,765 - app - DEBUG - User input: history_show
2025-03-13 06:36:57,765 - app.plugins.history_facade - DEBUG - Formatting calculation history
2025-03-13 06:37:05,170 - app - DEBUG - User input: history_save
2025-03-13 06:37:05,172 - app.plugins.history_facade - DEBUG - Using history directory: calculator_history
2025-03-13 06:37:05,173 - app.plugins.history_facade - INFO - Created history directory at /Users/bharathreddy/Mid_term/calculator_history
2025-03-13 06:37:05,173 - app.plugins.history_facade - INFO - Saving 2 records to calculator_history/calculator_history_20250313_063705.csv
2025-03-13 06:37:05,183 - app.plugins.history_facade - DEBUG - CSV file created successfully at calculator_history/calculator_history_20250313_063705.csv
2025-03-13 06:37:12,845 - app - DEBUG - User input: history_load
2025-03-13 06:37:12,845 - app.plugins.history_facade - DEBUG - Using history directory: calculator_history
2025-03-13 06:37:12,845 - app.plugins.history_facade - INFO - Created history directory at /Users/bharathreddy/Mid_term/calculator_history
2025-03-13 06:37:12,846 - app.plugins.history_facade - DEBUG - Found 1 CSV files in history directory
2025-03-13 06:37:24,709 - app.plugins.history_facade - INFO - Attempting to load history from calculator_history_20250313_063705.csv
2025-03-13 06:37:24,710 - app.plugins.history_facade - DEBUG - Using history directory: calculator_history
2025-03-13 06:37:24,710 - app.plugins.history_facade - INFO - Created history directory at /Users/bharathreddy/Mid_term/calculator_history
2025-03-13 06:37:24,716 - app.plugins.history_facade - INFO - Cleared existing history before import
2025-03-13 06:37:24,718 - app.plugins.history_facade - DEBUG - Formatting calculation history
2025-03-13 06:37:24,718 - app.plugins.history_facade - INFO - Successfully loaded 2 records from calculator_history_20250313_063705.csv
2025-03-13 06:37:37,527 - app - DEBUG - User input: history_clear
2025-03-13 06:37:37,528 - app.plugins.history_facade - INFO - Clearing operation history
2025-03-13 07:07:59,042 - app - DEBUG - User input: exit
2025-03-13 07:07:59,055 - app - INFO - Exit command received
2025-03-13 07:08:02,873 - setup_test - INFO - Logging configured successfully with level DEBUG at ./logs/app.log
2025-03-13 07:08:02,873 - app - INFO - Application is Starting
2025-03-13 07:08:02,873 - app - INFO - Starting plugin loading process
2025-03-13 07:08:02,884 - app - INFO - Registered command: add
2025-03-13 07:08:02,885 - app - INFO - Registered command: divide
2025-03-13 07:08:03,207 - app - INFO - Registered command: history_clear
2025-03-13 07:08:03,207 - app - INFO - Registered command: history_load
2025-03-13 07:08:03,207 - app - INFO - Registered command: history_save
2025-03-13 07:08:03,208 - app - INFO - Registered command: history_show
2025-03-13 07:08:03,208 - app - INFO - Registered command: last_operation
2025-03-13 07:08:03,209 - app - INFO - Registered command: multiply
2025-03-13 07:08:03,209 - app - INFO - Registered command: subtract
2025-03-13 07:08:03,209 - app - INFO - Application initialized
2025-03-13 07:08:03,209 - app - INFO - Starting REPL interface
2025-03-13 07:08:11,048 - app - DEBUG - User input: multiply 8 9
2025-03-13 07:08:20,404 - app - DEBUG - User input: divide 4 2
2025-03-13 07:08:42,743 - app - DEBUG - User input: history_save
2025-03-13 07:08:42,745 - app.plugins.history_facade - DEBUG - Using history directory: calculator_history
2025-03-13 07:08:42,746 - app.plugins.history_facade - INFO - Created history directory at /Users/bharathreddy/Mid_term/calculator_history
2025-03-13 07:08:42,747 - app.plugins.history_facade - INFO - Saving 2 records to calculator_history/calculator_history_20250313_070842.csv
2025-03-13 07:08:42,756 - app.plugins.history_facade - DEBUG - CSV file created successfully at calculator_history/calculator_history_20250313_070842.csv
2025-03-13 07:08:49,646 - app - DEBUG - User input: history_load
2025-03-13 07:08:49,646 - app.plugins.history_facade - DEBUG - Using history directory: calculator_history
2025-03-13 07:08:49,647 - app.plugins.history_facade - INFO - Created history directory at /Users/bharathreddy/Mid_term/calculator_history
2025-03-13 07:08:49,647 - app.plugins.history_facade - DEBUG - Found 2 CSV files in history directory
2025-03-13 07:09:09,738 - app.plugins.history_facade - INFO - Attempting to load history from calculator_history_20250313_070842.csv
2025-03-13 07:09:09,739 - app.plugins.history_facade - DEBUG - Using history directory: calculator_history
2025-03-13 07:09:09,740 - app.plugins.history_facade - INFO - Created history directory at /Users/bharathreddy/Mid_term/calculator_history
2025-03-13 07:09:09,747 - app.plugins.history_facade - INFO - Cleared existing history before import
2025-03-13 07:09:09,749 - app.plugins.history_facade - DEBUG - Formatting calculation history
2025-03-13 07:09:09,749 - app.plugins.history_facade - INFO - Successfully loaded 2 records from calculator_history_20250313_070842.csv
2025-03-13 07:16:57,045 - app - DEBUG - User input: menu
2025-03-13 07:24:50,803 - app - DEBUG - User input: menu
2025-03-13 07:25:01,490 - app - DEBUG - User input: exit
2025-03-13 07:25:01,491 - app - INFO - Exit command received
2025-03-13 07:26:03,210 - setup_test - INFO - Logging configured successfully with level DEBUG at ./logs/app.log
2025-03-13 07:26:03,210 - app - INFO - Application is Starting
2025-03-13 07:26:03,210 - app - INFO - Starting plugin loading process
2025-03-13 07:26:03,307 - app - INFO - Registered command: add
2025-03-13 07:26:03,307 - app - INFO - Registered command: divide
2025-03-13 07:26:03,795 - app - INFO - Registered command: history_clear
2025-03-13 07:26:03,796 - app - INFO - Registered command: history_load
2025-03-13 07:26:03,797 - app - INFO - Registered command: history_save
2025-03-13 07:26:03,798 - app - INFO - Registered command: history_show
2025-03-13 07:26:03,798 - app - INFO - Registered command: last_operation
2025-03-13 07:26:03,799 - app - INFO - Registered command: multiply
2025-03-13 07:26:03,799 - app - INFO - Registered command: subtract
2025-03-13 07:26:03,799 - app - INFO - Application initialized
2025-03-13 07:26:03,799 - app - INFO - Starting REPL interface
2025-03-13 07:26:06,446 - app - DEBUG - User input: menu
2025-03-13 07:26:55,842 - app - DEBUG - User input: exit
2025-03-13 07:26:55,848 - app - INFO - Exit command received
2025-03-13 07:27:00,087 - setup_test - INFO - Logging configured successfully with level DEBUG at ./logs/app.log
2025-03-13 07:27:00,087 - app - INFO - Application is Starting
2025-03-13 07:27:00,087 - app - INFO - Starting plugin loading process
2025-03-13 07:27:00,095 - app - INFO - Registered command: add
2025-03-13 07:27:00,096 - app - INFO - Registered command: divide
2025-03-13 07:27:00,097 - app - INFO - Registered command: exit
2025-03-13 07:27:00,409 - app - INFO - Registered command: history_clear
2025-03-13 07:27:00,409 - app - INFO - Registered command: history_load
2025-03-13 07:27:00,410 - app - INFO - Registered command: history_save
2025-03-13 07:27:00,410 - app - INFO - Registered command: history_show
2025-03-13 07:27:00,410 - app - INFO - Registered command: last_operation
2025-03-13 07:27:00,411 - app - INFO - Registered command: menu
2025-03-13 07:27:00,411 - app - INFO - Registered command: multiply
2025-03-13 07:27:00,411 - app - INFO - Registered command: subtract
2025-03-13 07:27:00,411 - app - INFO - Application initialized
2025-03-13 07:27:00,412 - app - INFO - Starting REPL interface
2025-03-13 07:27:05,261 - app - DEBUG - User input: add 5 6
2025-03-13 17:56:13,003 - setup_test - INFO - Logging configured successfully with level DEBUG at ./logs/app.log
2025-03-13 17:56:13,003 - app - INFO - Application is Starting
2025-03-13 17:56:13,003 - app - INFO - Starting plugin loading process
2025-03-13 17:56:13,016 - app - INFO - Registered command: add
2025-03-13 17:56:13,017 - app - INFO - Registered command: divide
2025-03-13 17:56:13,017 - app - INFO - Registered command: exit
2025-03-13 17:56:13,334 - app - INFO - Registered command: history_clear
2025-03-13 17:56:13,335 - app - INFO - Registered command: history_load
2025-03-13 17:56:13,335 - app - INFO - Registered command: history_save
2025-03-13 17:56:13,336 - app - INFO - Registered command: history_show
2025-03-13 17:56:13,336 - app - INFO - Registered command: last_operation
2025-03-13 17:56:13,337 - app - INFO - Registered command: menu
2025-03-13 17:56:13,337 - app - INFO - Registered command: multiply
2025-03-13 17:56:13,337 - app - INFO - Registered command: subtract
2025-03-13 17:56:13,337 - app - INFO - Application initialized
2025-03-13 17:56:13,337 - app - INFO - Starting REPL interface
2025-03-13 17:56:50,105 - app - DEBUG - User input: add 5 7
2025-03-13 17:57:01,669 - app - DEBUG - User input: subtract 9 4
2025-03-13 17:57:15,791 - app - DEBUG - User input: multiply 7 8
2025-03-13 17:57:24,463 - app - DEBUG - User input: divide 8 4
2025-03-13 17:57:50,084 - app - DEBUG - User input: divide 1 0
2025-03-13 17:58:27,510 - app - DEBUG - User input: last_operation
2025-03-13 17:58:27,513 - app.plugins.history_facade - DEBUG - Retrieving last formatted operation
2025-03-13 17:58:27,514 - app - CRITICAL - REPL session failed
Traceback (most recent call last):
  File "/Users/bharathreddy/Mid_term/app/__init__.py", line 132, in run_repl
    self._execute_command(user_input)
    ~~~~~~~~~~~~~~~~~~~~~^^^^^^^^^^^^
  File "/Users/bharathreddy/Mid_term/app/__init__.py", line 151, in _execute_command
    command.execute(*args) if args else command.execute()
                                        ~~~~~~~~~~~~~~~^^
  File "/Users/bharathreddy/Mid_term/app/plugins/last_operation/__init__.py", line 8, in execute
    formatted_op = HistoryFacade.get_last_formatted()
  File "/Users/bharathreddy/Mid_term/app/plugins/history_facade.py", line 58, in get_last_formatted
    return f"{record.x} {record.symbol} {record.y} = {record.execute()}"
                                                      ~~~~~~~~~~~~~~^^
  File "/Users/bharathreddy/Mid_term/calculator/calculation.py", line 25, in execute
    return self.operation(self.x, self.y)
           ~~~~~~~~~~~~~~^^^^^^^^^^^^^^^^
  File "/Users/bharathreddy/Mid_term/calculator/operations.py", line 25, in div_numbers
    raise ValueError("Cannot divide by zero")
ValueError: Cannot divide by zero
2025-03-13 18:05:46,223 - setup_test - INFO - Logging configured successfully with level DEBUG at ./logs/app.log
2025-03-13 18:05:46,223 - app - INFO - Application is Starting
2025-03-13 18:05:46,224 - app - INFO - Starting plugin loading process
2025-03-13 18:05:46,236 - app - INFO - Registered command: add
2025-03-13 18:05:46,237 - app - INFO - Registered command: divide
2025-03-13 18:05:46,238 - app - INFO - Registered command: exit
2025-03-13 18:05:46,609 - app - INFO - Registered command: history_clear
2025-03-13 18:05:46,610 - app - INFO - Registered command: history_load
2025-03-13 18:05:46,610 - app - INFO - Registered command: history_save
2025-03-13 18:05:46,611 - app - INFO - Registered command: history_show
2025-03-13 18:05:46,611 - app - INFO - Registered command: last_operation
2025-03-13 18:05:46,611 - app - INFO - Registered command: menu
2025-03-13 18:05:46,612 - app - INFO - Registered command: multiply
2025-03-13 18:05:46,612 - app - INFO - Registered command: subtract
2025-03-13 18:05:46,612 - app - INFO - Application initialized
2025-03-13 18:05:46,612 - app - INFO - Starting REPL interface
2025-03-13 18:05:52,154 - app - DEBUG - User input: add 7 8
2025-03-13 18:06:00,879 - app - DEBUG - User input: subtract 8 5
2025-03-13 18:06:10,045 - app - DEBUG - User input: last_operation
2025-03-13 18:06:10,046 - app.plugins.history_facade - DEBUG - Retrieving last formatted operation
2025-03-13 18:06:20,737 - app - DEBUG - User input: menu
2025-03-13 18:06:55,400 - app - DEBUG - User input: history_save
2025-03-13 18:06:55,402 - app.plugins.history_facade - DEBUG - Using history directory: calculator_history
2025-03-13 18:06:55,404 - app.plugins.history_facade - INFO - Created history directory at /Users/bharathreddy/Mid_term/calculator_history
2025-03-13 18:06:55,404 - app.plugins.history_facade - INFO - Saving 2 records to calculator_history/calculator_history_20250313_180655.csv
2025-03-13 18:06:55,420 - app.plugins.history_facade - DEBUG - CSV file created successfully at calculator_history/calculator_history_20250313_180655.csv
2025-03-13 18:07:01,112 - app - DEBUG - User input: history_load
2025-03-13 18:07:01,113 - app.plugins.history_facade - DEBUG - Using history directory: calculator_history
2025-03-13 18:07:01,114 - app.plugins.history_facade - INFO - Created history directory at /Users/bharathreddy/Mid_term/calculator_history
2025-03-13 18:07:01,115 - app.plugins.history_facade - DEBUG - Found 3 CSV files in history directory
2025-03-13 18:07:18,934 - app.plugins.history_facade - INFO - Attempting to load history from calculator_history_20250313_070842.csv
2025-03-13 18:07:18,934 - app.plugins.history_facade - DEBUG - Using history directory: calculator_history
2025-03-13 18:07:18,934 - app.plugins.history_facade - INFO - Created history directory at /Users/bharathreddy/Mid_term/calculator_history
2025-03-13 18:07:18,942 - app.plugins.history_facade - INFO - Cleared existing history before import
2025-03-13 18:07:18,944 - app.plugins.history_facade - DEBUG - Formatting calculation history
2025-03-13 18:07:18,944 - app.plugins.history_facade - INFO - Successfully loaded 2 records from calculator_history_20250313_070842.csv
2025-03-13 18:07:46,853 - app - DEBUG - User input: exit
2025-03-13 18:07:46,854 - app - INFO - Exit command received
